2025-03-31 13:01:25,458 [INFO] Activator:176 - 


2025-03-31 13:01:25,459 [INFO] Activator:177 - !SESSION log4j initialized
2025-03-31 13:01:28,078 [INFO] LogOutputStream:77 - [STDOUT_REDIRECT] 
2025-03-31 13:01:29,553 [INFO] ApplicationProperties:184 - Using Application install path: C:\ST\STM32CubeIDE_1.18.0\STM32CubeIDE\plugins\com.st.stm32cube.common.mx_6.14.0.202502271554
2025-03-31 13:01:29,566 [INFO] DbMcusXml:78 - Set database path to: C:\ST\STM32CubeIDE_1.18.0\STM32CubeIDE\plugins\com.st.stm32cube.common.mx_6.14.0.202502271554\\db\/mcu/
2025-03-31 13:01:29,566 [INFO] ApiDb:274 - Set plugin database path to: C:\ST\STM32CubeIDE_1.18.0\STM32CubeIDE\plugins\com.st.stm32cube.common.mx_6.14.0.202502271554\\db\/plugins/boardmanager/
2025-03-31 13:01:29,567 [WARN] ApiDb:259 - Overriding images path with different value:  => C:\ST\STM32CubeIDE_1.18.0\STM32CubeIDE\plugins\com.st.stm32cube.common.mx_6.14.0.202502271554\\db\/plugins/mcufinder/images/
2025-03-31 13:01:29,573 [INFO] ApiDb:250 - Set database path to: C:\Users\carlv\.stmcufinder\plugins\mcufinder//mcu/
2025-03-31 13:01:29,575 [INFO] DbMcusAds:125 - Set database path to: C:\Users\carlv\.stmcufinder\plugins\mcufinder//mcu/
2025-03-31 13:01:29,577 [INFO] CrossReferenceDbSqlite:203 - Set database path to: C:\Users\carlv\.stmcufinder\plugins\mcufinder//mcu/cs/
2025-03-31 13:01:29,675 [INFO] RulesReader:64 - Compatibility file has been processed (301 Rules)
2025-03-31 13:01:29,758 [INFO] DbMcusXml:78 - Set database path to: C:\ST\STM32CubeIDE_1.18.0\STM32CubeIDE\plugins\com.st.stm32cube.common.mx_6.14.0.202502271554\\db\/mcu/
2025-03-31 13:01:29,758 [INFO] ApiDb:274 - Set plugin database path to: C:\ST\STM32CubeIDE_1.18.0\STM32CubeIDE\plugins\com.st.stm32cube.common.mx_6.14.0.202502271554\\db\/plugins/boardmanager/
2025-03-31 13:01:29,758 [INFO] ApiDb:261 - Set plugin images path to: C:\ST\STM32CubeIDE_1.18.0\STM32CubeIDE\plugins\com.st.stm32cube.common.mx_6.14.0.202502271554\\db\/plugins/mcufinder/images/
2025-03-31 13:01:29,759 [WARN] DbFile:41 - Overriding database path with different value: C:\Users\carlv\.stmcufinder\plugins\mcufinder/ => C:\Users\carlv\.stmcufinder\plugins\mcufinder
2025-03-31 13:01:29,759 [INFO] ApiDb:250 - Set database path to: C:\Users\carlv\.stmcufinder\plugins\mcufinder//mcu/
2025-03-31 13:01:29,759 [WARN] DbFile:41 - Overriding database path with different value: C:\Users\carlv\.stmcufinder\plugins\mcufinder/ => C:\Users\carlv\.stmcufinder\plugins\mcufinder
2025-03-31 13:01:29,759 [INFO] DbMcusAds:125 - Set database path to: C:\Users\carlv\.stmcufinder\plugins\mcufinder//mcu/
2025-03-31 13:01:29,759 [WARN] DbFile:41 - Overriding database path with different value: C:\Users\carlv\.stmcufinder\plugins\mcufinder/ => C:\Users\carlv\.stmcufinder\plugins\mcufinder
2025-03-31 13:01:29,759 [WARN] DbFile:41 - Overriding database path with different value: C:\Users\carlv\.stmcufinder\plugins\mcufinder/ => C:\Users\carlv\.stmcufinder\plugins\mcufinder
2025-03-31 13:01:29,759 [INFO] CrossReferenceDbSqlite:203 - Set database path to: C:\Users\carlv\.stmcufinder\plugins\mcufinder//mcu/cs/
2025-03-31 13:01:29,842 [INFO] MainPanel:272 - HeapMemory: 268435456
2025-03-31 13:01:29,931 [INFO] DbMcusXml:78 - Set database path to: C:\ST\STM32CubeIDE_1.18.0\STM32CubeIDE\plugins\com.st.stm32cube.common.mx_6.14.0.202502271554\\db\/mcu/
2025-03-31 13:01:29,931 [INFO] ApiDb:274 - Set plugin database path to: C:\ST\STM32CubeIDE_1.18.0\STM32CubeIDE\plugins\com.st.stm32cube.common.mx_6.14.0.202502271554\\db\/plugins/boardmanager/
2025-03-31 13:01:29,931 [INFO] ApiDb:261 - Set plugin images path to: C:\ST\STM32CubeIDE_1.18.0\STM32CubeIDE\plugins\com.st.stm32cube.common.mx_6.14.0.202502271554\\db\/plugins/mcufinder/images/
2025-03-31 13:01:29,931 [WARN] DbFile:41 - Overriding database path with different value: C:\Users\carlv\.stmcufinder\plugins\mcufinder/ => C:\Users\carlv\.stmcufinder\plugins\mcufinder
2025-03-31 13:01:29,931 [INFO] ApiDb:250 - Set database path to: C:\Users\carlv\.stmcufinder\plugins\mcufinder//mcu/
2025-03-31 13:01:29,932 [WARN] DbFile:41 - Overriding database path with different value: C:\Users\carlv\.stmcufinder\plugins\mcufinder/ => C:\Users\carlv\.stmcufinder\plugins\mcufinder
2025-03-31 13:01:29,932 [INFO] DbMcusAds:125 - Set database path to: C:\Users\carlv\.stmcufinder\plugins\mcufinder//mcu/
2025-03-31 13:01:29,932 [WARN] DbFile:41 - Overriding database path with different value: C:\Users\carlv\.stmcufinder\plugins\mcufinder/ => C:\Users\carlv\.stmcufinder\plugins\mcufinder
2025-03-31 13:01:29,932 [WARN] DbFile:41 - Overriding database path with different value: C:\Users\carlv\.stmcufinder\plugins\mcufinder/ => C:\Users\carlv\.stmcufinder\plugins\mcufinder
2025-03-31 13:01:29,932 [INFO] CrossReferenceDbSqlite:203 - Set database path to: C:\Users\carlv\.stmcufinder\plugins\mcufinder//mcu/cs/
2025-03-31 13:01:29,948 [INFO] ApplicationProperties:184 - Using Application install path: C:\ST\STM32CubeIDE_1.18.0\STM32CubeIDE\plugins\com.st.stm32cube.common.mx_6.14.0.202502271554
2025-03-31 13:01:29,949 [INFO] PluginManage:196 - Search for loadable plugins [exclusion list=, ]
2025-03-31 13:01:29,950 [INFO] PluginManage:310 - Check plugin analytics
2025-03-31 13:01:30,143 [INFO] AnalyticsPlugin:253 - Accepted Software Licenses: 
2025-03-31 13:01:30,143 [INFO] AnalyticsPlugin:255 - Accepted CMSIS Pack Licenses: 
2025-03-31 13:01:30,144 [INFO] AnalyticsPlugin:257 - Accepted Firmware Licenses: FW.H5.1.5.0
2025-03-31 13:01:30,146 [INFO] PluginManage:359 - Loaded plugin analytics (category:tool,tabindex:-1)
2025-03-31 13:01:30,146 [INFO] PluginManage:310 - Check plugin cadmodel
2025-03-31 13:01:30,150 [INFO] CADModel:105 - Init CAD model plugin
2025-03-31 13:01:30,150 [INFO] PluginManage:359 - Loaded plugin cadmodel (category:power,tabindex:5)
2025-03-31 13:01:30,150 [INFO] PluginManage:310 - Check plugin clock
2025-03-31 13:01:30,160 [INFO] PluginManage:359 - Loaded plugin clock (category:base,tabindex:2)
2025-03-31 13:01:30,161 [INFO] PluginManage:310 - Check plugin ddr
2025-03-31 13:01:30,164 [INFO] PluginManage:359 - Loaded plugin ddr (category:tool,tabindex:6)
2025-03-31 13:01:30,164 [INFO] PluginManage:310 - Check plugin filemanager
2025-03-31 13:01:30,331 [INFO] PluginManage:359 - Loaded plugin filemanager (category:base,tabindex:10)
2025-03-31 13:01:30,331 [INFO] PluginManage:310 - Check plugin ipmanager
2025-03-31 13:01:30,339 [INFO] PluginManage:359 - Loaded plugin ipmanager (category:base,tabindex:5)
2025-03-31 13:01:30,339 [INFO] PluginManage:310 - Check plugin lpbam
2025-03-31 13:01:30,362 [INFO] PluginManage:359 - Loaded plugin lpbam (category:base,tabindex:0)
2025-03-31 13:01:30,363 [INFO] PluginManage:310 - Check plugin memorymap
2025-03-31 13:01:30,374 [INFO] PluginManage:359 - Loaded plugin memorymap (category:base,tabindex:4)
2025-03-31 13:01:30,374 [INFO] PluginManage:310 - Check plugin pinoutandconfiguration
2025-03-31 13:01:30,382 [INFO] PluginManage:359 - Loaded plugin pinoutandconfiguration (category:base,tabindex:1)
2025-03-31 13:01:30,383 [INFO] PluginManage:310 - Check plugin pinoutconfig
2025-03-31 13:01:30,468 [WARN] SupportedApi:132 - Cannot load RTOS API schema: s4s-elt-must-match.1: The content of 'definitions' must match (annotation?, (simpleType | complexType)?, (unique | key | keyref)*)). A problem was found starting at: attribute.
2025-03-31 13:01:30,586 [INFO] PluginManage:359 - Loaded plugin pinoutconfig (category:base,tabindex:0)
2025-03-31 13:01:30,587 [INFO] PluginManage:310 - Check plugin power
2025-03-31 13:01:30,596 [INFO] PluginManage:359 - Loaded plugin power (category:power,tabindex:4)
2025-03-31 13:01:30,596 [INFO] PluginManage:310 - Check plugin projectmanager
2025-03-31 13:01:30,608 [INFO] PluginManage:359 - Loaded plugin projectmanager (category:projectmanager,tabindex:4)
2025-03-31 13:01:30,608 [INFO] PluginManage:310 - Check plugin rif
2025-03-31 13:01:30,613 [INFO] PluginManage:359 - Loaded plugin rif (category:base,tabindex:3)
2025-03-31 13:01:30,613 [INFO] PluginManage:310 - Check plugin thirdparty
2025-03-31 13:01:30,720 [INFO] PluginManage:359 - Loaded plugin thirdparty (category:base,tabindex:-1)
2025-03-31 13:01:30,720 [WARN] IntegrityCheckThread:84 - waiting for thirdparty lock release [integrity check]
2025-03-31 13:01:30,720 [INFO] PluginManage:310 - Check plugin tools
2025-03-31 13:01:30,720 [INFO] IntegrityCheckThread:86 - entering critical section [integrity check]
2025-03-31 13:01:30,720 [INFO] ThirdPartyUpdaterWithRetryManager:70 - Updater plugin not ready yet. [1/15]
2025-03-31 13:01:30,723 [INFO] PluginManage:359 - Loaded plugin tools (category:base,tabindex:7)
2025-03-31 13:01:30,723 [INFO] PluginManage:310 - Check plugin tutovideos
2025-03-31 13:01:30,831 [INFO] PluginManage:359 - Loaded plugin tutovideos (category:base,tabindex:-1)
2025-03-31 13:01:30,831 [INFO] PluginManage:310 - Check plugin updater
2025-03-31 13:01:30,856 [INFO] PluginManage:359 - Loaded plugin updater (category:base,tabindex:12)
2025-03-31 13:01:30,856 [INFO] PluginManage:310 - Check plugin userauth
2025-03-31 13:01:30,860 [INFO] UserAuth:118 - Init User Auth plugin
2025-03-31 13:01:30,861 [INFO] PluginManage:359 - Loaded plugin userauth (category:base,tabindex:14)
2025-03-31 13:01:30,861 [INFO] PluginManage:283 - PluginManage : Loaded plugins [18]
2025-03-31 13:01:31,030 [INFO] PinOutPanel:1589 - setPackage(No Configuration,No Configuration)
2025-03-31 13:01:31,091 [INFO] CADModel:165 - CPN selected for project level
2025-03-31 13:01:31,091 [INFO] CADModel:114 - Register for checkConnection events
2025-03-31 13:01:31,104 [INFO] IPUIPlugin:80 - create IPUIPlugin
2025-03-31 13:01:31,104 [INFO] PluginManager:220 - loadIPPluginJar : add adc
2025-03-31 13:01:31,106 [INFO] IPUIPlugin:80 - create IPUIPlugin
2025-03-31 13:01:31,106 [INFO] PluginManager:220 - loadIPPluginJar : add aes
2025-03-31 13:01:31,108 [INFO] IPUIPlugin:80 - create IPUIPlugin
2025-03-31 13:01:31,108 [INFO] PluginManager:220 - loadIPPluginJar : add can
2025-03-31 13:01:31,109 [INFO] IPUIPlugin:80 - create IPUIPlugin
2025-03-31 13:01:31,109 [INFO] PluginManager:220 - loadIPPluginJar : add comp
2025-03-31 13:01:31,111 [INFO] IPUIPlugin:80 - create IPUIPlugin
2025-03-31 13:01:31,111 [INFO] PluginManager:220 - loadIPPluginJar : add cryp
2025-03-31 13:01:31,113 [INFO] IPUIPlugin:80 - create IPUIPlugin
2025-03-31 13:01:31,114 [INFO] PluginManager:220 - loadIPPluginJar : add ddr_ctrl_phy
2025-03-31 13:01:31,116 [INFO] IPUIPlugin:80 - create IPUIPlugin
2025-03-31 13:01:31,116 [INFO] PluginManager:220 - loadIPPluginJar : add dfsdm
2025-03-31 13:01:31,119 [INFO] IPUIPlugin:80 - create IPUIPlugin
2025-03-31 13:01:31,120 [INFO] PluginManager:220 - loadIPPluginJar : add dma
2025-03-31 13:01:31,121 [INFO] IPUIPlugin:80 - create IPUIPlugin
2025-03-31 13:01:31,121 [INFO] PluginManager:220 - loadIPPluginJar : add dma3
2025-03-31 13:01:31,123 [INFO] IPUIPlugin:80 - create IPUIPlugin
2025-03-31 13:01:31,123 [INFO] PluginManager:220 - loadIPPluginJar : add extmemmanager
2025-03-31 13:01:31,124 [INFO] IPUIPlugin:80 - create IPUIPlugin
2025-03-31 13:01:31,124 [INFO] PluginManager:220 - loadIPPluginJar : add fatfs
2025-03-31 13:01:31,127 [INFO] IPUIPlugin:80 - create IPUIPlugin
2025-03-31 13:01:31,128 [INFO] PluginManager:220 - loadIPPluginJar : add fmc
2025-03-31 13:01:31,133 [INFO] IPUIPlugin:80 - create IPUIPlugin
2025-03-31 13:01:31,134 [INFO] PluginManager:220 - loadIPPluginJar : add freertos
2025-03-31 13:01:31,135 [INFO] IPUIPlugin:80 - create IPUIPlugin
2025-03-31 13:01:31,135 [INFO] PluginManager:220 - loadIPPluginJar : add genericplugin
2025-03-31 13:01:31,137 [INFO] IPUIPlugin:80 - create IPUIPlugin
2025-03-31 13:01:31,138 [INFO] PluginManager:220 - loadIPPluginJar : add gfxmmu
2025-03-31 13:01:31,141 [INFO] IPUIPlugin:80 - create IPUIPlugin
2025-03-31 13:01:31,142 [INFO] PluginManager:220 - loadIPPluginJar : add gic
2025-03-31 13:01:31,145 [INFO] IPUIPlugin:80 - create IPUIPlugin
2025-03-31 13:01:31,145 [INFO] PluginManager:220 - loadIPPluginJar : add gpio
2025-03-31 13:01:31,147 [INFO] IPUIPlugin:80 - create IPUIPlugin
2025-03-31 13:01:31,147 [INFO] PluginManager:220 - loadIPPluginJar : add gtzc
2025-03-31 13:01:31,149 [INFO] IPUIPlugin:80 - create IPUIPlugin
2025-03-31 13:01:31,149 [INFO] PluginManager:220 - loadIPPluginJar : add hash
2025-03-31 13:01:31,151 [INFO] IPUIPlugin:80 - create IPUIPlugin
2025-03-31 13:01:31,151 [INFO] PluginManager:220 - loadIPPluginJar : add i2c
2025-03-31 13:01:31,153 [INFO] IPUIPlugin:80 - create IPUIPlugin
2025-03-31 13:01:31,153 [INFO] PluginManager:220 - loadIPPluginJar : add i2s
2025-03-31 13:01:31,155 [INFO] IPUIPlugin:80 - create IPUIPlugin
2025-03-31 13:01:31,155 [INFO] PluginManager:220 - loadIPPluginJar : add i3c
2025-03-31 13:01:31,158 [INFO] IPUIPlugin:80 - create IPUIPlugin
2025-03-31 13:01:31,158 [INFO] PluginManager:220 - loadIPPluginJar : add ipddr
2025-03-31 13:01:31,163 [INFO] IPUIPlugin:80 - create IPUIPlugin
2025-03-31 13:01:31,163 [INFO] PluginManager:220 - loadIPPluginJar : add linkedlist
2025-03-31 13:01:31,165 [INFO] IPUIPlugin:80 - create IPUIPlugin
2025-03-31 13:01:31,165 [INFO] PluginManager:220 - loadIPPluginJar : add lorawan
2025-03-31 13:01:31,166 [INFO] IPUIPlugin:80 - create IPUIPlugin
2025-03-31 13:01:31,167 [INFO] PluginManager:220 - loadIPPluginJar : add ltdc
2025-03-31 13:01:31,170 [INFO] IPUIPlugin:80 - create IPUIPlugin
2025-03-31 13:01:31,170 [INFO] PluginManager:220 - loadIPPluginJar : add mdma
2025-03-31 13:01:31,172 [INFO] IPUIPlugin:80 - create IPUIPlugin
2025-03-31 13:01:31,172 [INFO] PluginManager:220 - loadIPPluginJar : add nvic
2025-03-31 13:01:31,174 [INFO] IPUIPlugin:80 - create IPUIPlugin
2025-03-31 13:01:31,174 [INFO] PluginManager:220 - loadIPPluginJar : add opamp
2025-03-31 13:01:31,176 [INFO] IPUIPlugin:80 - create IPUIPlugin
2025-03-31 13:01:31,177 [INFO] PluginManager:220 - loadIPPluginJar : add openamp
2025-03-31 13:01:31,178 [INFO] IPUIPlugin:80 - create IPUIPlugin
2025-03-31 13:01:31,178 [INFO] PluginManager:220 - loadIPPluginJar : add pdm2pcm
2025-03-31 13:01:31,182 [INFO] IPUIPlugin:80 - create IPUIPlugin
2025-03-31 13:01:31,183 [INFO] PluginManager:220 - loadIPPluginJar : add plateformsettings
2025-03-31 13:01:31,185 [INFO] IPUIPlugin:80 - create IPUIPlugin
2025-03-31 13:01:31,185 [INFO] PluginManager:220 - loadIPPluginJar : add quadspi
2025-03-31 13:01:31,187 [INFO] IPUIPlugin:80 - create IPUIPlugin
2025-03-31 13:01:31,188 [INFO] PluginManager:220 - loadIPPluginJar : add radio
2025-03-31 13:01:31,190 [INFO] IPUIPlugin:80 - create IPUIPlugin
2025-03-31 13:01:31,190 [INFO] PluginManager:220 - loadIPPluginJar : add resmgrutility
2025-03-31 13:01:31,191 [INFO] IPUIPlugin:80 - create IPUIPlugin
2025-03-31 13:01:31,191 [INFO] PluginManager:220 - loadIPPluginJar : add sai
2025-03-31 13:01:31,193 [INFO] IPUIPlugin:80 - create IPUIPlugin
2025-03-31 13:01:31,193 [INFO] PluginManager:220 - loadIPPluginJar : add spi
2025-03-31 13:01:31,197 [INFO] IPUIPlugin:80 - create IPUIPlugin
2025-03-31 13:01:31,197 [INFO] PluginManager:220 - loadIPPluginJar : add stm32_wpan
2025-03-31 13:01:31,198 [INFO] IPUIPlugin:80 - create IPUIPlugin
2025-03-31 13:01:31,198 [INFO] PluginManager:220 - loadIPPluginJar : add tim
2025-03-31 13:01:31,200 [INFO] IPUIPlugin:80 - create IPUIPlugin
2025-03-31 13:01:31,200 [INFO] PluginManager:220 - loadIPPluginJar : add touchsensing
2025-03-31 13:01:31,202 [INFO] IPUIPlugin:80 - create IPUIPlugin
2025-03-31 13:01:31,202 [INFO] PluginManager:220 - loadIPPluginJar : add tracer_emb
2025-03-31 13:01:31,203 [INFO] IPUIPlugin:80 - create IPUIPlugin
2025-03-31 13:01:31,203 [INFO] PluginManager:220 - loadIPPluginJar : add ts
2025-03-31 13:01:31,204 [INFO] IPUIPlugin:80 - create IPUIPlugin
2025-03-31 13:01:31,204 [INFO] PluginManager:220 - loadIPPluginJar : add tsc
2025-03-31 13:01:31,205 [INFO] IPUIPlugin:80 - create IPUIPlugin
2025-03-31 13:01:31,206 [INFO] PluginManager:220 - loadIPPluginJar : add ucpd
2025-03-31 13:01:31,208 [INFO] IPUIPlugin:80 - create IPUIPlugin
2025-03-31 13:01:31,208 [INFO] PluginManager:220 - loadIPPluginJar : add usart
2025-03-31 13:01:31,210 [INFO] IPUIPlugin:80 - create IPUIPlugin
2025-03-31 13:01:31,210 [INFO] PluginManager:220 - loadIPPluginJar : add usbx
2025-03-31 13:01:31,324 [FATAL] Updater:351 - Updater called before beeing initialized
2025-03-31 13:01:31,376 [INFO] RulesReader:64 - Compatibility file has been processed (301 Rules)
2025-03-31 13:01:31,388 [INFO] RulesReader:64 - Compatibility file has been processed (301 Rules)
2025-03-31 13:01:31,394 [INFO] CADModel:165 - CPN selected for project level
2025-03-31 13:01:31,394 [INFO] CADModel:114 - Register for checkConnection events
2025-03-31 13:01:31,394 [FATAL] Updater:351 - Updater called before beeing initialized
2025-03-31 13:01:31,394 [ERROR] CADModel:125 - Updater not yet initialized, retry later 
2025-03-31 13:01:31,493 [FATAL] Updater:351 - Updater called before beeing initialized
2025-03-31 13:01:31,494 [INFO] CADModel:165 - CPN selected for project level
2025-03-31 13:01:31,494 [INFO] CADModel:114 - Register for checkConnection events
2025-03-31 13:01:31,494 [FATAL] Updater:351 - Updater called before beeing initialized
2025-03-31 13:01:31,494 [ERROR] CADModel:125 - Updater not yet initialized, retry later 
2025-03-31 13:01:31,496 [FATAL] Updater:351 - Updater called before beeing initialized
2025-03-31 13:01:31,569 [FATAL] Updater:351 - Updater called before beeing initialized
2025-03-31 13:01:31,571 [INFO] DbMcusAds:53 - JSON generation date=Thu Mar 06 15:54:21 CET 2025 (1741272861825)
2025-03-31 13:01:31,571 [FATAL] Updater:351 - Updater called before beeing initialized
2025-03-31 13:01:31,595 [WARN] DetailPanel:346 - Failed to get advertising image, set to default
2025-03-31 13:01:31,792 [FATAL] Updater:351 - Updater called before beeing initialized
2025-03-31 13:01:31,795 [FATAL] Updater:351 - Updater called before beeing initialized
2025-03-31 13:01:31,795 [FATAL] Updater:351 - Updater called before beeing initialized
2025-03-31 13:01:31,795 [WARN] DetailPanel:346 - Failed to get advertising image, set to default
2025-03-31 13:01:31,795 [FATAL] Updater:351 - Updater called before beeing initialized
2025-03-31 13:01:31,828 [ERROR] Updater:1198 - MainUpdater not yet initialized. External WinMGr cannot be set.
2025-03-31 13:01:31,830 [INFO] Updater:1134 - Updater Version found : 6.14.0
2025-03-31 13:01:31,841 [INFO] ApplicationProperties:184 - Using Application install path: C:\ST\STM32CubeIDE_1.18.0\STM32CubeIDE\plugins\com.st.stm32cube.common.mx_6.14.0.202502271554
2025-03-31 13:01:33,414 [ERROR] LogOutputStream:75 - [STDERR_REDIRECT] Mar 31, 2025 1:01:33 PM java.util.prefs.WindowsPreferences <init>
2025-03-31 13:01:33,416 [ERROR] LogOutputStream:75 - [STDERR_REDIRECT] WARNING: Could not open/create prefs root node Software\JavaSoft\Prefs at root 0xffffffff80000002. Windows RegCreateKeyEx(...) returned error code 5.
2025-03-31 13:01:33,417 [ERROR] LogOutputStream:75 - [STDERR_REDIRECT] 
2025-03-31 13:01:33,640 [INFO] MainUpdater:2872 - connection check result : 10
2025-03-31 13:01:33,641 [INFO] MainUpdater:289 - Updater Check For Update Now.
2025-03-31 13:01:33,641 [INFO] MicroXplorer:498 - Change Database Version : DB.6.0.140
2025-03-31 13:01:33,644 [INFO] McuFinderGlobals:63 - Set McuFinder mode to 2 (CubeIDE integrated)
2025-03-31 13:01:33,645 [INFO] UserAuth:486 - Internet connection configuration mode: 1
2025-03-31 13:01:33,658 [INFO] JxBrowserEngine:152 - Initiate JxBrowser Engine with user profile folder
2025-03-31 13:01:33,722 [WARN] MainUpdater:1193 - Updater busy. Cannot search thirdparties
2025-03-31 13:01:33,722 [INFO] ThirdPartyUpdaterWithRetryManager:96 - Updater plugin is busy. [1/15]
2025-03-31 13:01:33,816 [INFO] CheckServerUpdateThread:120 - End of CheckServer Thread
2025-03-31 13:01:34,138 [INFO] WebApp:169 - Instantiating new browser for Auth
2025-03-31 13:01:34,614 [INFO] WebApp:463 - Apply proxy settings
2025-03-31 13:01:34,614 [INFO] WebApp:548 - Chromium requires no authentication
2025-03-31 13:01:34,619 [INFO] WebApp:491 - Direct internet connection detected
2025-03-31 13:01:34,633 [INFO] WebApp:894 - Register for checkConnection events
2025-03-31 13:01:34,634 [INFO] WebApp:463 - Apply proxy settings
2025-03-31 13:01:34,634 [INFO] WebApp:548 - Chromium requires no authentication
2025-03-31 13:01:34,634 [INFO] WebApp:491 - Direct internet connection detected
2025-03-31 13:01:34,735 [INFO] WebApp:225 - Starting web application
2025-03-31 13:01:34,735 [INFO] WebApp:593 - Web application path used C:\ST\STM32CubeIDE_1.18.0\STM32CubeIDE\plugins\com.st.stm32cube.common.mx_6.14.0.202502271554\db\plugins\mcufinder\reactClient1\index.html
2025-03-31 13:01:34,808 [INFO] UserAuth:486 - Internet connection configuration mode: 1
2025-03-31 13:01:34,958 [INFO] WebApp:191 - Connection restablished
2025-03-31 13:01:36,867 [WARN] PackLoader:240 - Cannot read IP mode file for STMicroelectronics.FP-SNS-MOTENVWB1.1.4.0
2025-03-31 13:01:36,876 [WARN] PackLoader:240 - Cannot read IP mode file for STMicroelectronics.FP-ATR-ASTRA1.2.0.2
2025-03-31 13:01:36,887 [WARN] PackLoader:240 - Cannot read IP mode file for STMicroelectronics.X-CUBE-SMBUS.2.1.0
2025-03-31 13:01:36,895 [WARN] PackLoader:240 - Cannot read IP mode file for STMicroelectronics.X-CUBE-WB05N.1.1.0
2025-03-31 13:01:36,922 [WARN] PackLoader:240 - Cannot read IP mode file for STMicroelectronics.X-CUBE-AZRTOS-F7.1.1.0
2025-03-31 13:01:36,928 [ERROR] RealEvaluatedCondition:428 - Found unsupported composite condition: CLASS='Data Exchange' GROUP='STM32_MetaDataManager'
2025-03-31 13:01:36,928 [ERROR] RealEvaluatedCondition:428 - Found unsupported composite condition: CLASS='Data Exchange' GROUP='STM32_MetaDataManager'
2025-03-31 13:01:36,929 [WARN] PackLoader:240 - Cannot read IP mode file for STMicroelectronics.FP-SNS-MOTENV1.4.3.1
2025-03-31 13:01:36,936 [WARN] PackLoader:240 - Cannot read IP mode file for STMicroelectronics.FP-SNS-FLIGHT1.5.0.1
2025-03-31 13:01:36,940 [WARN] PackLoader:240 - Cannot read IP mode file for STMicroelectronics.X-CUBE-BLE1.6.2.4
2025-03-31 13:01:36,943 [WARN] PackLoader:240 - Cannot read IP mode file for STMicroelectronics.FP-SNS-FLIGHT1.5.0.2
2025-03-31 13:01:36,968 [WARN] PackLoader:240 - Cannot read IP mode file for Infineon.AIROC-Wi-Fi-Bluetooth-STM32.1.7.0
2025-03-31 13:01:36,979 [WARN] PackLoader:240 - Cannot read IP mode file for STMicroelectronics.X-CUBE-DISPLAY.3.0.0
2025-03-31 13:01:36,988 [WARN] PackLoader:240 - Cannot read IP mode file for STMicroelectronics.X-CUBE-NFC10.1.0.0
2025-03-31 13:01:36,998 [WARN] PackLoader:240 - Cannot read IP mode file for STMicroelectronics.X-CUBE-BLEMGR.4.0.0
2025-03-31 13:01:37,007 [WARN] ConditionMgr:438 - getConditionDescription Invalid condition id : Cortex-A Device cause : null
2025-03-31 13:01:37,018 [WARN] ConditionMgr:1044 - genDependencies : Invalid condition id : Cortex-A Device cause : null
2025-03-31 13:01:37,018 [WARN] ConditionMgr:1044 - genDependencies : Invalid condition id : Cortex-A Device cause : null
2025-03-31 13:01:37,018 [WARN] ConditionMgr:1044 - genDependencies : Invalid condition id : Cortex-A Device cause : null
2025-03-31 13:01:37,022 [WARN] PackLoader:240 - Cannot read IP mode file for STMicroelectronics.X-CUBE-AI.10.0.0
2025-03-31 13:01:37,025 [WARN] PackLoader:240 - Cannot read IP mode file for STMicroelectronics.FP-SNS-SMARTAG2.1.2.0
2025-03-31 13:01:37,028 [WARN] PackLoader:240 - Cannot read IP mode file for STMicroelectronics.FP-SNS-FLIGHT1.5.1.0
2025-03-31 13:01:37,072 [WARN] PackLoader:240 - Cannot read IP mode file for STMicroelectronics.X-CUBE-MEMS1.11.1.0
2025-03-31 13:01:37,163 [WARN] PackLoader:240 - Cannot read IP mode file for STMicroelectronics.FP-SNS-MOTENV1.5.0.0
2025-03-31 13:01:37,170 [WARN] PackLoader:240 - Cannot read IP mode file for WES.I-CUBE-Cesium.1.3.0
2025-03-31 13:01:37,174 [WARN] PackLoader:240 - Cannot read IP mode file for STMicroelectronics.X-CUBE-BLE2.3.3.0
2025-03-31 13:01:37,179 [WARN] PackLoader:240 - Cannot read IP mode file for STMicroelectronics.X-CUBE-NFC9.1.0.0
2025-03-31 13:01:37,184 [WARN] PackLoader:240 - Cannot read IP mode file for STMicroelectronics.X-CUBE-BLE1.7.1.0
2025-03-31 13:01:37,187 [WARN] PackLoader:240 - Cannot read IP mode file for wolfSSL.I-CUBE-wolfMQTT.1.19.2
2025-03-31 13:01:37,191 [WARN] PackLoader:240 - Cannot read IP mode file for STMicroelectronics.X-CUBE-TOUCHGFX.4.21.4
2025-03-31 13:01:37,195 [WARN] PackLoader:240 - Cannot read IP mode file for STMicroelectronics.X-CUBE-ALGOBUILD.1.3.0
2025-03-31 13:01:37,206 [WARN] PackLoader:240 - Cannot read IP mode file for STMicroelectronics.X-CUBE-AZRTOS-G0.1.1.0
2025-03-31 13:01:37,212 [WARN] PackLoader:240 - Cannot read IP mode file for STMicroelectronics.X-CUBE-SAFEA1.1.2.2
2025-03-31 13:01:37,219 [WARN] PackLoader:240 - Cannot read IP mode file for STMicroelectronics.X-CUBE-NFC4.3.0.0
2025-03-31 13:01:37,226 [WARN] PackLoader:240 - Cannot read IP mode file for EmbeddedOffice.I-CUBE-FS-RTOS.1.0.1
2025-03-31 13:01:37,228 [WARN] PackLoader:240 - Cannot read IP mode file for wolfSSL.I-CUBE-wolfTPM.3.8.0
2025-03-31 13:01:37,233 [WARN] PackLoader:240 - Cannot read IP mode file for STMicroelectronics.X-CUBE-TCPP.4.2.0
2025-03-31 13:01:37,240 [WARN] PackLoader:240 - Cannot read IP mode file for RealThread.X-CUBE-RT-Thread_Nano.4.1.1
2025-03-31 13:01:37,243 [WARN] PackLoader:240 - Cannot read IP mode file for STMicroelectronics.FP-ATR-SIGFOX1.3.2.0
2025-03-31 13:01:37,249 [WARN] PackLoader:240 - Cannot read IP mode file for STMicroelectronics.X-CUBE-EEPRMA1.5.1.0
2025-03-31 13:01:37,256 [WARN] PackLoader:240 - Cannot read IP mode file for ITTIA_DB.I-CUBE-ITTIADB.8.9.0
2025-03-31 13:01:37,287 [WARN] PackLoader:240 - Cannot read IP mode file for SEGGER.I-CUBE-embOS.1.3.1
2025-03-31 13:01:37,328 [WARN] PackLoader:240 - Cannot read IP mode file for STMicroelectronics.X-CUBE-ALGOBUILD.1.4.0
2025-03-31 13:01:37,335 [WARN] PackLoader:240 - Cannot read IP mode file for STMicroelectronics.X-CUBE-GNSS1.6.0.0
2025-03-31 13:01:37,369 [WARN] PackLoader:240 - Cannot read IP mode file for STMicroelectronics.X-CUBE-AZRTOS-F4.1.1.0
2025-03-31 13:01:37,375 [WARN] PackLoader:240 - Cannot read IP mode file for wolfSSL.I-CUBE-wolfSSL.5.6.0
2025-03-31 13:01:37,379 [WARN] PackLoader:240 - Cannot read IP mode file for STMicroelectronics.X-CUBE-ISPU.2.1.0
2025-03-31 13:01:37,395 [WARN] PackLoader:240 - Cannot read IP mode file for STMicroelectronics.X-CUBE-AZRTOS-L5.2.0.0
2025-03-31 13:01:37,421 [WARN] PackLoader:240 - Cannot read IP mode file for STMicroelectronics.X-CUBE-MEMS1.9.6.0
2025-03-31 13:01:37,500 [WARN] PackLoader:240 - Cannot read IP mode file for STMicroelectronics.X-CUBE-NFC6.3.1.0
2025-03-31 13:01:37,506 [WARN] PackLoader:240 - Cannot read IP mode file for emotas.I-CUBE-CANOPEN.1.1.3
2025-03-31 13:01:37,511 [WARN] PackLoader:240 - Cannot read IP mode file for STMicroelectronics.X-CUBE-BLEMGR.2.0.0
2025-03-31 13:01:37,515 [WARN] PackLoader:240 - Cannot read IP mode file for STMicroelectronics.X-CUBE-DPower.1.2.0
2025-03-31 13:01:37,524 [WARN] ConditionMgr:438 - getConditionDescription Invalid condition id : UX DEVICE CLASS RTOS Condition cause : null
2025-03-31 13:01:37,524 [WARN] ConditionMgr:438 - getConditionDescription Invalid condition id : UX DEVICE CLASS RTOS Condition cause : null
2025-03-31 13:01:37,526 [WARN] PackLoader:240 - Cannot read IP mode file for STMicroelectronics.X-CUBE-AZRTOS-H7.3.1.0
2025-03-31 13:01:37,527 [WARN] ConditionMgr:1044 - genDependencies : Invalid condition id : UX DEVICE CLASS RTOS Condition cause : null
2025-03-31 13:01:37,527 [WARN] ConditionMgr:1044 - genDependencies : Invalid condition id : UX DEVICE CLASS RTOS Condition cause : null
2025-03-31 13:01:37,527 [WARN] ConditionMgr:1044 - genDependencies : Invalid condition id : UX DEVICE CLASS RTOS Condition cause : null
2025-03-31 13:01:37,527 [WARN] ConditionMgr:1044 - genDependencies : Invalid condition id : UX DEVICE CLASS RTOS Condition cause : null
2025-03-31 13:01:37,527 [WARN] ConditionMgr:1044 - genDependencies : Invalid condition id : UX DEVICE CLASS RTOS Condition cause : null
2025-03-31 13:01:37,530 [WARN] PackLoader:240 - Cannot read IP mode file for STMicroelectronics.X-CUBE-FREERTOS.1.3.0
2025-03-31 13:01:37,536 [WARN] PackLoader:240 - Cannot read IP mode file for STMicroelectronics.X-CUBE-NFC7.1.0.1
2025-03-31 13:01:37,539 [WARN] PackLoader:240 - Cannot read IP mode file for STMicroelectronics.X-CUBE-NFC7.1.0.0
2025-03-31 13:01:37,544 [WARN] PackLoader:240 - Cannot read IP mode file for STMicroelectronics.X-CUBE-EEPRMA1.4.1.0
2025-03-31 13:01:37,549 [WARN] PackLoader:240 - Cannot read IP mode file for STMicroelectronics.X-CUBE-DPower.1.3.0
2025-03-31 13:01:37,559 [WARN] ConditionMgr:438 - getConditionDescription Invalid condition id : LAN8742 Phy interface Condition cause : null
2025-03-31 13:01:37,560 [WARN] PackLoader:240 - Cannot read IP mode file for STMicroelectronics.X-CUBE-AZRTOS-L4.2.0.0
2025-03-31 13:01:37,560 [WARN] ConditionMgr:1044 - genDependencies : Invalid condition id : LAN8742 Phy interface Condition cause : null
2025-03-31 13:01:37,561 [WARN] ConditionMgr:1044 - genDependencies : Invalid condition id : LAN8742 Phy interface Condition cause : null
2025-03-31 13:01:37,561 [WARN] ConditionMgr:1044 - genDependencies : Invalid condition id : LAN8742 Phy interface Condition cause : null
2025-03-31 13:01:37,568 [WARN] PackLoader:240 - Cannot read IP mode file for STMicroelectronics.X-CUBE-SFXS2LP1.4.0.0
2025-03-31 13:01:37,571 [WARN] PackLoader:240 - Cannot read IP mode file for STMicroelectronics.X-CUBE-ISPU.1.1.0
2025-03-31 13:01:37,581 [WARN] PackLoader:240 - Cannot read IP mode file for STMicroelectronics.X-CUBE-AZRTOS-H7.3.3.0
2025-03-31 13:01:37,591 [WARN] ConditionMgr:438 - getConditionDescription Invalid condition id : UX DEVICE CLASS RTOS Condition cause : null
2025-03-31 13:01:37,591 [WARN] ConditionMgr:438 - getConditionDescription Invalid condition id : UX DEVICE CLASS RTOS Condition cause : null
2025-03-31 13:01:37,592 [WARN] PackLoader:240 - Cannot read IP mode file for STMicroelectronics.X-CUBE-AZRTOS-WB.2.0.0
2025-03-31 13:01:37,592 [WARN] ConditionMgr:1044 - genDependencies : Invalid condition id : UX DEVICE CLASS RTOS Condition cause : null
2025-03-31 13:01:37,592 [WARN] ConditionMgr:1044 - genDependencies : Invalid condition id : UX DEVICE CLASS RTOS Condition cause : null
2025-03-31 13:01:37,593 [WARN] ConditionMgr:1044 - genDependencies : Invalid condition id : UX DEVICE CLASS RTOS Condition cause : null
2025-03-31 13:01:37,593 [WARN] ConditionMgr:1044 - genDependencies : Invalid condition id : UX DEVICE CLASS RTOS Condition cause : null
2025-03-31 13:01:37,593 [WARN] ConditionMgr:1044 - genDependencies : Invalid condition id : UX DEVICE CLASS RTOS Condition cause : null
2025-03-31 13:01:37,595 [WARN] PackLoader:240 - Cannot read IP mode file for STMicroelectronics.X-CUBE-FREERTOS.1.0.1
2025-03-31 13:01:37,599 [WARN] PackLoader:240 - Cannot read IP mode file for STMicroelectronics.X-CUBE-GNSS1.7.0.1
2025-03-31 13:01:37,602 [WARN] PackLoader:240 - Cannot read IP mode file for STMicroelectronics.X-CUBE-TOUCHGFX.4.25.0
2025-03-31 13:01:37,607 [WARN] PackLoader:240 - Cannot read IP mode file for STMicroelectronics.FP-SNS-STBOX1.2.0.0
2025-03-31 13:01:37,616 [WARN] PackLoader:240 - Cannot read IP mode file for STMicroelectronics.X-CUBE-AZRTOS-L5.1.1.0
2025-03-31 13:01:37,620 [WARN] PackLoader:240 - Cannot read IP mode file for STMicroelectronics.X-CUBE-AI.8.0.1
2025-03-31 13:01:37,628 [WARN] PackLoader:240 - Cannot read IP mode file for STMicroelectronics.X-CUBE-SUBG2.5.0.0
2025-03-31 13:01:37,644 [WARN] PackLoader:240 - Cannot read IP mode file for STMicroelectronics.X-CUBE-AZRTOS-H7RS.1.1.0
2025-03-31 13:01:37,648 [WARN] PackLoader:240 - Cannot read IP mode file for Cesanta.I-CUBE-Mongoose.7.13.0
2025-03-31 13:01:37,658 [WARN] PackLoader:240 - Cannot read IP mode file for STMicroelectronics.X-CUBE-AZRTOS-G4.2.0.0
2025-03-31 13:01:37,665 [WARN] PackLoader:240 - Cannot read IP mode file for STMicroelectronics.X-CUBE-TOF1.3.3.0
2025-03-31 13:01:37,673 [WARN] PackLoader:240 - Cannot read IP mode file for wolfSSL.I-CUBE-wolfSSH.1.4.20
2025-03-31 13:01:37,679 [WARN] PackLoader:240 - Cannot read IP mode file for STMicroelectronics.X-CUBE-IPS.3.1.0
2025-03-31 13:01:37,687 [WARN] PackLoader:240 - Cannot read IP mode file for STMicroelectronics.X-CUBE-ALS.1.0.2
2025-03-31 13:01:37,691 [WARN] PackLoader:240 - Cannot read IP mode file for portGmbH.I-Cube-SoM-uGOAL.1.1.0
2025-03-31 13:01:37,693 [WARN] PackLoader:240 - Cannot read IP mode file for STMicroelectronics.X-CUBE-ALS.1.0.1
2025-03-31 13:01:37,702 [WARN] PackLoader:240 - Cannot read IP mode file for STMicroelectronics.X-CUBE-AZRTOS-WB.1.1.0
2025-03-31 13:01:37,711 [WARN] PackLoader:240 - Cannot read IP mode file for STMicroelectronics.X-CUBE-AZRTOS-H7RS.1.0.0
2025-03-31 13:01:37,716 [WARN] PackLoader:240 - Cannot read IP mode file for STMicroelectronics.FP-ATR-ASTRA1.2.0.0
2025-03-31 13:01:37,723 [WARN] PackLoader:240 - Cannot read IP mode file for STMicroelectronics.X-CUBE-TOF1.3.4.2
2025-03-31 13:01:37,730 [INFO] ThirdParty:978 - Integrity check success = true
2025-03-31 13:01:37,730 [INFO] IntegrityCheckThread:100 - exiting critical section [integrity check]
2025-03-31 13:01:37,730 [INFO] IntegrityCheckThread:103 - End integrity checks thread
